<?xml version="1.0" encoding="UTF-8"?>
<testng-results skipped="0" failed="1" ignored="0" total="2" passed="1">
  <reporter-output>
  </reporter-output>
  <suite name="Default suite" duration-ms="9877" started-at="2019-03-01T07:08:47Z" finished-at="2019-03-01T07:08:57Z">
    <groups>
    </groups>
    <test name="Default test" duration-ms="9877" started-at="2019-03-01T07:08:47Z" finished-at="2019-03-01T07:08:57Z">
      <class name="test.java.AppTest">
        <test-method status="PASS" signature="setUp()[pri:0, instance:test.java.AppTest@1536d79]" name="setUp" is-config="true" duration-ms="5540" started-at="2019-03-01T15:08:47Z" finished-at="2019-03-01T15:08:53Z">
          <reporter-output>
          </reporter-output>
        </test-method> <!-- setUp -->
        <test-method status="PASS" signature="simpleTest()[pri:0, instance:test.java.AppTest@1536d79]" name="simpleTest" duration-ms="2033" started-at="2019-03-01T15:08:53Z" finished-at="2019-03-01T15:08:55Z">
          <reporter-output>
          </reporter-output>
        </test-method> <!-- simpleTest -->
        <test-method status="FAIL" signature="simpleTest1()[pri:0, instance:test.java.AppTest@1536d79]" name="simpleTest1" duration-ms="1905" started-at="2019-03-01T15:08:55Z" finished-at="2019-03-01T15:08:57Z">
          <exception class="java.lang.AssertionError">
            <message>
              <![CDATA[expected [RestServiceDeploy] but found [RestServiceDeploy!]]]>
            </message>
            <full-stacktrace>
              <![CDATA[java.lang.AssertionError: expected [RestServiceDeploy] but found [RestServiceDeploy!]at org.testng.Assert.fail(Assert.java:96)at org.testng.Assert.failNotEquals(Assert.java:776)at org.testng.Assert.assertEqualsImpl(Assert.java:137)at org.testng.Assert.assertEquals(Assert.java:118)at org.testng.Assert.assertEquals(Assert.java:453)at org.testng.Assert.assertEquals(Assert.java:463)at test.java.AppTest.simpleTest1(AppTest.java:41)at sun.reflect.NativeMethodAccessorImpl.invoke0(Native Method)at sun.reflect.NativeMethodAccessorImpl.invoke(NativeMethodAccessorImpl.java:62)at sun.reflect.DelegatingMethodAccessorImpl.invoke(DelegatingMethodAccessorImpl.java:43)at java.lang.reflect.Method.invoke(Method.java:498)at org.testng.internal.MethodInvocationHelper.invokeMethod(MethodInvocationHelper.java:124)at org.testng.internal.Invoker.invokeMethod(Invoker.java:571)at org.testng.internal.Invoker.invokeTestMethod(Invoker.java:707)at org.testng.internal.Invoker.invokeTestMethods(Invoker.java:979)at org.testng.internal.TestMethodWorker.invokeTestMethods(TestMethodWorker.java:125)at org.testng.internal.TestMethodWorker.run(TestMethodWorker.java:109)at org.testng.TestRunner.privateRun(TestRunner.java:648)at org.testng.TestRunner.run(TestRunner.java:505)at org.testng.SuiteRunner.runTest(SuiteRunner.java:455)at org.testng.SuiteRunner.runSequentially(SuiteRunner.java:450)at org.testng.SuiteRunner.privateRun(SuiteRunner.java:415)at org.testng.SuiteRunner.run(SuiteRunner.java:364)at org.testng.SuiteRunnerWorker.runSuite(SuiteRunnerWorker.java:52)at org.testng.SuiteRunnerWorker.run(SuiteRunnerWorker.java:84)at org.testng.TestNG.runSuitesSequentially(TestNG.java:1187)at org.testng.TestNG.runSuitesLocally(TestNG.java:1116)at org.testng.TestNG.runSuites(TestNG.java:1028)at org.testng.TestNG.run(TestNG.java:996)at org.testng.remote.AbstractRemoteTestNG.run(AbstractRemoteTestNG.java:114)at org.testng.remote.RemoteTestNG.initAndRun(RemoteTestNG.java:251)at org.testng.remote.RemoteTestNG.main(RemoteTestNG.java:77)]]>
            </full-stacktrace>
          </exception> <!-- java.lang.AssertionError -->
          <reporter-output>
          </reporter-output>
        </test-method> <!-- simpleTest1 -->
        <test-method status="PASS" signature="afterTest()[pri:0, instance:test.java.AppTest@1536d79]" name="afterTest" is-config="true" duration-ms="370" started-at="2019-03-01T15:08:57Z" finished-at="2019-03-01T15:08:57Z">
          <reporter-output>
          </reporter-output>
        </test-method> <!-- afterTest -->
      </class> <!-- test.java.AppTest -->
    </test> <!-- Default test -->
  </suite> <!-- Default suite -->
</testng-results>
